<?xml version="1.0" encoding="UTF-8"?>
<!-- Generated by org.testng.reporters.JUnitXMLReporter -->
<testsuite ignored="1" hostname="Nancy" failures="0" tests="1" name="Default test" time="12.568" errors="0" timestamp="2023-12-20T09:17:44 CST">
  <testcase classname="test.LoginTest" name="validateLoginAlertMsg" time="12.517"/>
  <testcase classname="test.LoginTest" name="userShouldBeAbleToLogin" time="0.0">
    <ignored/>
  </testcase> <!-- userShouldBeAbleToLogin -->
</testsuite> <!-- Default test -->
