<?xml version="1.0" encoding="UTF-8"?>
<testng-results ignored="0" total="2" passed="2" failed="0" skipped="0">
  <reporter-output>
  </reporter-output>
  <suite started-at="2024-01-13T21:14:08 CST" name="Surefire suite" finished-at="2024-01-13T21:14:31 CST" duration-ms="23272">
    <groups>
    </groups>
    <test started-at="2024-01-13T21:14:08 CST" name="Surefire test" finished-at="2024-01-13T21:14:31 CST" duration-ms="23272">
      <class name="test.LoginTest">
        <test-method is-config="true" signature="readJson()[pri:0, instance:test.LoginTest@394a2528]" started-at="2024-01-13T21:14:08 CST" name="readJson" finished-at="2024-01-13T21:14:08 CST" duration-ms="25" status="PASS">
          <reporter-output>
          </reporter-output>
        </test-method> <!-- readJson -->
        <test-method signature="userShouldBeAbleToLogin()[pri:0, instance:test.LoginTest@394a2528]" started-at="2024-01-13T21:14:08 CST" name="userShouldBeAbleToLogin" finished-at="2024-01-13T21:14:19 CST" duration-ms="11820" status="PASS">
          <reporter-output>
          </reporter-output>
        </test-method> <!-- userShouldBeAbleToLogin -->
        <test-method is-config="true" signature="readJson()[pri:0, instance:test.LoginTest@394a2528]" started-at="2024-01-13T21:14:19 CST" name="readJson" finished-at="2024-01-13T21:14:19 CST" duration-ms="1" status="PASS">
          <reporter-output>
          </reporter-output>
        </test-method> <!-- readJson -->
        <test-method signature="validateLoginAlertMsg()[pri:0, instance:test.LoginTest@394a2528]" started-at="2024-01-13T21:14:19 CST" name="validateLoginAlertMsg" finished-at="2024-01-13T21:14:31 CST" duration-ms="11399" status="PASS">
          <reporter-output>
          </reporter-output>
        </test-method> <!-- validateLoginAlertMsg -->
      </class> <!-- test.LoginTest -->
    </test> <!-- Surefire test -->
  </suite> <!-- Surefire suite -->
</testng-results>
