<?xml version="1.0" encoding="UTF-8"?>
<testng-results ignored="0" total="1" passed="1" failed="0" skipped="0">
  <reporter-output>
  </reporter-output>
  <suite started-at="2023-12-20T08:56:37 CST" name="Surefire suite" finished-at="2023-12-20T08:56:50 CST" duration-ms="12825">
    <groups>
    </groups>
    <test started-at="2023-12-20T08:56:37 CST" name="Surefire test" finished-at="2023-12-20T08:56:50 CST" duration-ms="12825">
      <class name="test.LoginTest">
        <test-method is-config="true" signature="readJson()[pri:0, instance:test.LoginTest@68567e20]" started-at="2023-12-20T08:56:37 CST" name="readJson" finished-at="2023-12-20T08:56:37 CST" duration-ms="21" status="PASS">
          <reporter-output>
          </reporter-output>
        </test-method> <!-- readJson -->
        <test-method signature="userShouldBeAbleToLogin()[pri:0, instance:test.LoginTest@68567e20]" started-at="2023-12-20T08:56:37 CST" name="userShouldBeAbleToLogin" finished-at="2023-12-20T08:56:50 CST" duration-ms="12775" status="PASS">
          <reporter-output>
          </reporter-output>
        </test-method> <!-- userShouldBeAbleToLogin -->
      </class> <!-- test.LoginTest -->
    </test> <!-- Surefire test -->
  </suite> <!-- Surefire suite -->
</testng-results>
