<?xml version="1.0" encoding="UTF-8"?>
<testng-results ignored="0" total="2" passed="2" failed="0" skipped="0">
  <reporter-output>
  </reporter-output>
  <suite started-at="2024-01-13T21:09:17 CST" name="Default suite" finished-at="2024-01-13T21:09:40 CST" duration-ms="23450">
    <groups>
    </groups>
    <test started-at="2024-01-13T21:09:17 CST" name="Default test" finished-at="2024-01-13T21:09:40 CST" duration-ms="23450">
      <class name="test.LoginTest">
        <test-method is-config="true" signature="readJson()[pri:0, instance:test.LoginTest@7e7be63f]" started-at="2024-01-13T21:09:17 CST" name="readJson" finished-at="2024-01-13T21:09:17 CST" duration-ms="24" status="PASS">
          <reporter-output>
          </reporter-output>
        </test-method> <!-- readJson -->
        <test-method signature="userShouldBeAbleToLogin()[pri:0, instance:test.LoginTest@7e7be63f]" started-at="2024-01-13T21:09:17 CST" name="userShouldBeAbleToLogin" finished-at="2024-01-13T21:09:29 CST" duration-ms="12408" status="PASS">
          <reporter-output>
          </reporter-output>
        </test-method> <!-- userShouldBeAbleToLogin -->
        <test-method is-config="true" signature="readJson()[pri:0, instance:test.LoginTest@7e7be63f]" started-at="2024-01-13T21:09:29 CST" name="readJson" finished-at="2024-01-13T21:09:29 CST" duration-ms="1" status="PASS">
          <reporter-output>
          </reporter-output>
        </test-method> <!-- readJson -->
        <test-method signature="validateLoginAlertMsg()[pri:0, instance:test.LoginTest@7e7be63f]" started-at="2024-01-13T21:09:29 CST" name="validateLoginAlertMsg" finished-at="2024-01-13T21:09:40 CST" duration-ms="10980" status="PASS">
          <reporter-output>
          </reporter-output>
        </test-method> <!-- validateLoginAlertMsg -->
      </class> <!-- test.LoginTest -->
    </test> <!-- Default test -->
  </suite> <!-- Default suite -->
</testng-results>
