<?xml version="1.0" encoding="UTF-8"?>
<testng-results ignored="1" total="2" passed="1" failed="0" skipped="0">
  <reporter-output>
  </reporter-output>
  <suite started-at="2023-12-20T09:17:31 CST" name="Default suite" finished-at="2023-12-20T09:17:44 CST" duration-ms="12568">
    <groups>
    </groups>
    <test started-at="2023-12-20T09:17:31 CST" name="Default test" finished-at="2023-12-20T09:17:44 CST" duration-ms="12568">
      <class name="test.LoginTest">
        <test-method is-config="true" signature="readJson()[pri:0, instance:test.LoginTest@18d87d80]" started-at="2023-12-20T09:17:31 CST" name="readJson" finished-at="2023-12-20T09:17:31 CST" duration-ms="20" status="PASS">
          <reporter-output>
          </reporter-output>
        </test-method> <!-- readJson -->
        <test-method signature="validateLoginAlertMsg()[pri:0, instance:test.LoginTest@18d87d80]" started-at="2023-12-20T09:17:31 CST" name="validateLoginAlertMsg" finished-at="2023-12-20T09:17:44 CST" duration-ms="12517" status="PASS">
          <reporter-output>
          </reporter-output>
        </test-method> <!-- validateLoginAlertMsg -->
      </class> <!-- test.LoginTest -->
    </test> <!-- Default test -->
  </suite> <!-- Default suite -->
</testng-results>
